<?xml version="1.0" encoding="UTF-8"?>
<testsuite xmlns:xsi="http://www.w3.org/2001/XMLSchema-instance" xsi:noNamespaceSchemaLocation="https://maven.apache.org/surefire/maven-surefire-plugin/xsd/surefire-test-report-3.0.xsd" version="3.0" name="dev.dt.pickspot.PickerServiceTest" time="0.125" tests="1" errors="0" skipped="0" failures="0">
  <properties>
    <property name="java.specification.version" value="24"/>
    <property name="sun.cpu.isalist" value="amd64"/>
    <property name="sun.jnu.encoding" value="Cp1252"/>
    <property name="java.class.path" value="C:\Users\Saptarshi Mukherjee\OneDrive\Desktop\Assignment Round 2\Task 1\target\test-classes;C:\Users\Saptarshi Mukherjee\OneDrive\Desktop\Assignment Round 2\Task 1\target\classes;C:\Users\Saptarshi Mukherjee\.m2\repository\org\springframework\boot\spring-boot-starter-web\3.1.0\spring-boot-starter-web-3.1.0.jar;C:\Users\Saptarshi Mukherjee\.m2\repository\org\springframework\boot\spring-boot-starter\3.1.0\spring-boot-starter-3.1.0.jar;C:\Users\Saptarshi Mukherjee\.m2\repository\org\springframework\boot\spring-boot\3.1.0\spring-boot-3.1.0.jar;C:\Users\Saptarshi Mukherjee\.m2\repository\org\springframework\boot\spring-boot-autoconfigure\3.1.0\spring-boot-autoconfigure-3.1.0.jar;C:\Users\Saptarshi Mukherjee\.m2\repository\org\springframework\boot\spring-boot-starter-logging\3.1.0\spring-boot-starter-logging-3.1.0.jar;C:\Users\Saptarshi Mukherjee\.m2\repository\ch\qos\logback\logback-classic\1.4.7\logback-classic-1.4.7.jar;C:\Users\Saptarshi Mukherjee\.m2\repository\ch\qos\logback\logback-core\1.4.7\logback-core-1.4.7.jar;C:\Users\Saptarshi Mukherjee\.m2\repository\org\apache\logging\log4j\log4j-to-slf4j\2.20.0\log4j-to-slf4j-2.20.0.jar;C:\Users\Saptarshi Mukherjee\.m2\repository\org\apache\logging\log4j\log4j-api\2.20.0\log4j-api-2.20.0.jar;C:\Users\Saptarshi Mukherjee\.m2\repository\org\slf4j\jul-to-slf4j\2.0.7\jul-to-slf4j-2.0.7.jar;C:\Users\Saptarshi Mukherjee\.m2\repository\jakarta\annotation\jakarta.annotation-api\2.1.1\jakarta.annotation-api-2.1.1.jar;C:\Users\Saptarshi Mukherjee\.m2\repository\org\yaml\snakeyaml\1.33\snakeyaml-1.33.jar;C:\Users\Saptarshi Mukherjee\.m2\repository\org\springframework\boot\spring-boot-starter-json\3.1.0\spring-boot-starter-json-3.1.0.jar;C:\Users\Saptarshi Mukherjee\.m2\repository\com\fasterxml\jackson\datatype\jackson-datatype-jdk8\2.15.0\jackson-datatype-jdk8-2.15.0.jar;C:\Users\Saptarshi Mukherjee\.m2\repository\com\fasterxml\jackson\datatype\jackson-datatype-jsr310\2.15.0\jackson-datatype-jsr310-2.15.0.jar;C:\Users\Saptarshi Mukherjee\.m2\repository\com\fasterxml\jackson\module\jackson-module-parameter-names\2.15.0\jackson-module-parameter-names-2.15.0.jar;C:\Users\Saptarshi Mukherjee\.m2\repository\org\springframework\boot\spring-boot-starter-tomcat\3.1.0\spring-boot-starter-tomcat-3.1.0.jar;C:\Users\Saptarshi Mukherjee\.m2\repository\org\apache\tomcat\embed\tomcat-embed-core\10.1.8\tomcat-embed-core-10.1.8.jar;C:\Users\Saptarshi Mukherjee\.m2\repository\org\apache\tomcat\embed\tomcat-embed-el\10.1.8\tomcat-embed-el-10.1.8.jar;C:\Users\Saptarshi Mukherjee\.m2\repository\org\apache\tomcat\embed\tomcat-embed-websocket\10.1.8\tomcat-embed-websocket-10.1.8.jar;C:\Users\Saptarshi Mukherjee\.m2\repository\org\springframework\spring-web\6.0.9\spring-web-6.0.9.jar;C:\Users\Saptarshi Mukherjee\.m2\repository\org\springframework\spring-beans\6.0.9\spring-beans-6.0.9.jar;C:\Users\Saptarshi Mukherjee\.m2\repository\io\micrometer\micrometer-observation\1.11.0\micrometer-observation-1.11.0.jar;C:\Users\Saptarshi Mukherjee\.m2\repository\io\micrometer\micrometer-commons\1.11.0\micrometer-commons-1.11.0.jar;C:\Users\Saptarshi Mukherjee\.m2\repository\org\springframework\spring-webmvc\6.0.9\spring-webmvc-6.0.9.jar;C:\Users\Saptarshi Mukherjee\.m2\repository\org\springframework\spring-aop\6.0.9\spring-aop-6.0.9.jar;C:\Users\Saptarshi Mukherjee\.m2\repository\org\springframework\spring-context\6.0.9\spring-context-6.0.9.jar;C:\Users\Saptarshi Mukherjee\.m2\repository\org\springframework\spring-expression\6.0.9\spring-expression-6.0.9.jar;C:\Users\Saptarshi Mukherjee\.m2\repository\com\fasterxml\jackson\core\jackson-databind\2.15.0\jackson-databind-2.15.0.jar;C:\Users\Saptarshi Mukherjee\.m2\repository\com\fasterxml\jackson\core\jackson-annotations\2.15.0\jackson-annotations-2.15.0.jar;C:\Users\Saptarshi Mukherjee\.m2\repository\com\fasterxml\jackson\core\jackson-core\2.15.0\jackson-core-2.15.0.jar;C:\Users\Saptarshi Mukherjee\.m2\repository\org\springframework\boot\spring-boot-starter-test\3.1.0\spring-boot-starter-test-3.1.0.jar;C:\Users\Saptarshi Mukherjee\.m2\repository\org\springframework\boot\spring-boot-test\3.1.0\spring-boot-test-3.1.0.jar;C:\Users\Saptarshi Mukherjee\.m2\repository\org\springframework\boot\spring-boot-test-autoconfigure\3.1.0\spring-boot-test-autoconfigure-3.1.0.jar;C:\Users\Saptarshi Mukherjee\.m2\repository\com\jayway\jsonpath\json-path\2.8.0\json-path-2.8.0.jar;C:\Users\Saptarshi Mukherjee\.m2\repository\org\slf4j\slf4j-api\2.0.7\slf4j-api-2.0.7.jar;C:\Users\Saptarshi Mukherjee\.m2\repository\jakarta\xml\bind\jakarta.xml.bind-api\4.0.0\jakarta.xml.bind-api-4.0.0.jar;C:\Users\Saptarshi Mukherjee\.m2\repository\jakarta\activation\jakarta.activation-api\2.1.2\jakarta.activation-api-2.1.2.jar;C:\Users\Saptarshi Mukherjee\.m2\repository\net\minidev\json-smart\2.4.10\json-smart-2.4.10.jar;C:\Users\Saptarshi Mukherjee\.m2\repository\net\minidev\accessors-smart\2.4.9\accessors-smart-2.4.9.jar;C:\Users\Saptarshi Mukherjee\.m2\repository\org\ow2\asm\asm\9.3\asm-9.3.jar;C:\Users\Saptarshi Mukherjee\.m2\repository\org\assertj\assertj-core\3.24.2\assertj-core-3.24.2.jar;C:\Users\Saptarshi Mukherjee\.m2\repository\net\bytebuddy\byte-buddy\1.14.4\byte-buddy-1.14.4.jar;C:\Users\Saptarshi Mukherjee\.m2\repository\org\hamcrest\hamcrest\2.2\hamcrest-2.2.jar;C:\Users\Saptarshi Mukherjee\.m2\repository\org\junit\jupiter\junit-jupiter\5.9.3\junit-jupiter-5.9.3.jar;C:\Users\Saptarshi Mukherjee\.m2\repository\org\junit\jupiter\junit-jupiter-api\5.9.3\junit-jupiter-api-5.9.3.jar;C:\Users\Saptarshi Mukherjee\.m2\repository\org\opentest4j\opentest4j\1.2.0\opentest4j-1.2.0.jar;C:\Users\Saptarshi Mukherjee\.m2\repository\org\junit\platform\junit-platform-commons\1.9.3\junit-platform-commons-1.9.3.jar;C:\Users\Saptarshi Mukherjee\.m2\repository\org\apiguardian\apiguardian-api\1.1.2\apiguardian-api-1.1.2.jar;C:\Users\Saptarshi Mukherjee\.m2\repository\org\junit\jupiter\junit-jupiter-params\5.9.3\junit-jupiter-params-5.9.3.jar;C:\Users\Saptarshi Mukherjee\.m2\repository\org\junit\jupiter\junit-jupiter-engine\5.9.3\junit-jupiter-engine-5.9.3.jar;C:\Users\Saptarshi Mukherjee\.m2\repository\org\junit\platform\junit-platform-engine\1.9.3\junit-platform-engine-1.9.3.jar;C:\Users\Saptarshi Mukherjee\.m2\repository\org\mockito\mockito-core\5.3.1\mockito-core-5.3.1.jar;C:\Users\Saptarshi Mukherjee\.m2\repository\net\bytebuddy\byte-buddy-agent\1.14.4\byte-buddy-agent-1.14.4.jar;C:\Users\Saptarshi Mukherjee\.m2\repository\org\objenesis\objenesis\3.3\objenesis-3.3.jar;C:\Users\Saptarshi Mukherjee\.m2\repository\org\mockito\mockito-junit-jupiter\5.3.1\mockito-junit-jupiter-5.3.1.jar;C:\Users\Saptarshi Mukherjee\.m2\repository\org\skyscreamer\jsonassert\1.5.1\jsonassert-1.5.1.jar;C:\Users\Saptarshi Mukherjee\.m2\repository\com\vaadin\external\google\android-json\0.0.20131108.vaadin1\android-json-0.0.20131108.vaadin1.jar;C:\Users\Saptarshi Mukherjee\.m2\repository\org\springframework\spring-core\6.0.9\spring-core-6.0.9.jar;C:\Users\Saptarshi Mukherjee\.m2\repository\org\springframework\spring-jcl\6.0.9\spring-jcl-6.0.9.jar;C:\Users\Saptarshi Mukherjee\.m2\repository\org\springframework\spring-test\6.0.9\spring-test-6.0.9.jar;C:\Users\Saptarshi Mukherjee\.m2\repository\org\xmlunit\xmlunit-core\2.9.1\xmlunit-core-2.9.1.jar;"/>
    <property name="java.vm.vendor" value="Oracle Corporation"/>
    <property name="sun.arch.data.model" value="64"/>
    <property name="user.variant" value=""/>
    <property name="java.vendor.url" value="https://java.oracle.com/"/>
    <property name="user.timezone" value="Asia/Calcutta"/>
    <property name="os.name" value="Windows 11"/>
    <property name="java.vm.specification.version" value="24"/>
    <property name="sun.java.launcher" value="SUN_STANDARD"/>
    <property name="user.country" value="IN"/>
    <property name="sun.boot.library.path" value="C:\jdk-24.0.1\bin"/>
    <property name="sun.java.command" value="C:\Users\Saptarshi Mukherjee\AppData\Local\Temp\surefire3575253856282234746\surefirebooter-20250428101521499_3.jar C:\Users\Saptarshi Mukherjee\AppData\Local\Temp\surefire3575253856282234746 2025-04-28T10-15-21_299-jvmRun1 surefire-20250428101521499_1tmp surefire_0-20250428101521499_2tmp"/>
    <property name="jdk.debug" value="release"/>
    <property name="surefire.test.class.path" value="C:\Users\Saptarshi Mukherjee\OneDrive\Desktop\Assignment Round 2\Task 1\target\test-classes;C:\Users\Saptarshi Mukherjee\OneDrive\Desktop\Assignment Round 2\Task 1\target\classes;C:\Users\Saptarshi Mukherjee\.m2\repository\org\springframework\boot\spring-boot-starter-web\3.1.0\spring-boot-starter-web-3.1.0.jar;C:\Users\Saptarshi Mukherjee\.m2\repository\org\springframework\boot\spring-boot-starter\3.1.0\spring-boot-starter-3.1.0.jar;C:\Users\Saptarshi Mukherjee\.m2\repository\org\springframework\boot\spring-boot\3.1.0\spring-boot-3.1.0.jar;C:\Users\Saptarshi Mukherjee\.m2\repository\org\springframework\boot\spring-boot-autoconfigure\3.1.0\spring-boot-autoconfigure-3.1.0.jar;C:\Users\Saptarshi Mukherjee\.m2\repository\org\springframework\boot\spring-boot-starter-logging\3.1.0\spring-boot-starter-logging-3.1.0.jar;C:\Users\Saptarshi Mukherjee\.m2\repository\ch\qos\logback\logback-classic\1.4.7\logback-classic-1.4.7.jar;C:\Users\Saptarshi Mukherjee\.m2\repository\ch\qos\logback\logback-core\1.4.7\logback-core-1.4.7.jar;C:\Users\Saptarshi Mukherjee\.m2\repository\org\apache\logging\log4j\log4j-to-slf4j\2.20.0\log4j-to-slf4j-2.20.0.jar;C:\Users\Saptarshi Mukherjee\.m2\repository\org\apache\logging\log4j\log4j-api\2.20.0\log4j-api-2.20.0.jar;C:\Users\Saptarshi Mukherjee\.m2\repository\org\slf4j\jul-to-slf4j\2.0.7\jul-to-slf4j-2.0.7.jar;C:\Users\Saptarshi Mukherjee\.m2\repository\jakarta\annotation\jakarta.annotation-api\2.1.1\jakarta.annotation-api-2.1.1.jar;C:\Users\Saptarshi Mukherjee\.m2\repository\org\yaml\snakeyaml\1.33\snakeyaml-1.33.jar;C:\Users\Saptarshi Mukherjee\.m2\repository\org\springframework\boot\spring-boot-starter-json\3.1.0\spring-boot-starter-json-3.1.0.jar;C:\Users\Saptarshi Mukherjee\.m2\repository\com\fasterxml\jackson\datatype\jackson-datatype-jdk8\2.15.0\jackson-datatype-jdk8-2.15.0.jar;C:\Users\Saptarshi Mukherjee\.m2\repository\com\fasterxml\jackson\datatype\jackson-datatype-jsr310\2.15.0\jackson-datatype-jsr310-2.15.0.jar;C:\Users\Saptarshi Mukherjee\.m2\repository\com\fasterxml\jackson\module\jackson-module-parameter-names\2.15.0\jackson-module-parameter-names-2.15.0.jar;C:\Users\Saptarshi Mukherjee\.m2\repository\org\springframework\boot\spring-boot-starter-tomcat\3.1.0\spring-boot-starter-tomcat-3.1.0.jar;C:\Users\Saptarshi Mukherjee\.m2\repository\org\apache\tomcat\embed\tomcat-embed-core\10.1.8\tomcat-embed-core-10.1.8.jar;C:\Users\Saptarshi Mukherjee\.m2\repository\org\apache\tomcat\embed\tomcat-embed-el\10.1.8\tomcat-embed-el-10.1.8.jar;C:\Users\Saptarshi Mukherjee\.m2\repository\org\apache\tomcat\embed\tomcat-embed-websocket\10.1.8\tomcat-embed-websocket-10.1.8.jar;C:\Users\Saptarshi Mukherjee\.m2\repository\org\springframework\spring-web\6.0.9\spring-web-6.0.9.jar;C:\Users\Saptarshi Mukherjee\.m2\repository\org\springframework\spring-beans\6.0.9\spring-beans-6.0.9.jar;C:\Users\Saptarshi Mukherjee\.m2\repository\io\micrometer\micrometer-observation\1.11.0\micrometer-observation-1.11.0.jar;C:\Users\Saptarshi Mukherjee\.m2\repository\io\micrometer\micrometer-commons\1.11.0\micrometer-commons-1.11.0.jar;C:\Users\Saptarshi Mukherjee\.m2\repository\org\springframework\spring-webmvc\6.0.9\spring-webmvc-6.0.9.jar;C:\Users\Saptarshi Mukherjee\.m2\repository\org\springframework\spring-aop\6.0.9\spring-aop-6.0.9.jar;C:\Users\Saptarshi Mukherjee\.m2\repository\org\springframework\spring-context\6.0.9\spring-context-6.0.9.jar;C:\Users\Saptarshi Mukherjee\.m2\repository\org\springframework\spring-expression\6.0.9\spring-expression-6.0.9.jar;C:\Users\Saptarshi Mukherjee\.m2\repository\com\fasterxml\jackson\core\jackson-databind\2.15.0\jackson-databind-2.15.0.jar;C:\Users\Saptarshi Mukherjee\.m2\repository\com\fasterxml\jackson\core\jackson-annotations\2.15.0\jackson-annotations-2.15.0.jar;C:\Users\Saptarshi Mukherjee\.m2\repository\com\fasterxml\jackson\core\jackson-core\2.15.0\jackson-core-2.15.0.jar;C:\Users\Saptarshi Mukherjee\.m2\repository\org\springframework\boot\spring-boot-starter-test\3.1.0\spring-boot-starter-test-3.1.0.jar;C:\Users\Saptarshi Mukherjee\.m2\repository\org\springframework\boot\spring-boot-test\3.1.0\spring-boot-test-3.1.0.jar;C:\Users\Saptarshi Mukherjee\.m2\repository\org\springframework\boot\spring-boot-test-autoconfigure\3.1.0\spring-boot-test-autoconfigure-3.1.0.jar;C:\Users\Saptarshi Mukherjee\.m2\repository\com\jayway\jsonpath\json-path\2.8.0\json-path-2.8.0.jar;C:\Users\Saptarshi Mukherjee\.m2\repository\org\slf4j\slf4j-api\2.0.7\slf4j-api-2.0.7.jar;C:\Users\Saptarshi Mukherjee\.m2\repository\jakarta\xml\bind\jakarta.xml.bind-api\4.0.0\jakarta.xml.bind-api-4.0.0.jar;C:\Users\Saptarshi Mukherjee\.m2\repository\jakarta\activation\jakarta.activation-api\2.1.2\jakarta.activation-api-2.1.2.jar;C:\Users\Saptarshi Mukherjee\.m2\repository\net\minidev\json-smart\2.4.10\json-smart-2.4.10.jar;C:\Users\Saptarshi Mukherjee\.m2\repository\net\minidev\accessors-smart\2.4.9\accessors-smart-2.4.9.jar;C:\Users\Saptarshi Mukherjee\.m2\repository\org\ow2\asm\asm\9.3\asm-9.3.jar;C:\Users\Saptarshi Mukherjee\.m2\repository\org\assertj\assertj-core\3.24.2\assertj-core-3.24.2.jar;C:\Users\Saptarshi Mukherjee\.m2\repository\net\bytebuddy\byte-buddy\1.14.4\byte-buddy-1.14.4.jar;C:\Users\Saptarshi Mukherjee\.m2\repository\org\hamcrest\hamcrest\2.2\hamcrest-2.2.jar;C:\Users\Saptarshi Mukherjee\.m2\repository\org\junit\jupiter\junit-jupiter\5.9.3\junit-jupiter-5.9.3.jar;C:\Users\Saptarshi Mukherjee\.m2\repository\org\junit\jupiter\junit-jupiter-api\5.9.3\junit-jupiter-api-5.9.3.jar;C:\Users\Saptarshi Mukherjee\.m2\repository\org\opentest4j\opentest4j\1.2.0\opentest4j-1.2.0.jar;C:\Users\Saptarshi Mukherjee\.m2\repository\org\junit\platform\junit-platform-commons\1.9.3\junit-platform-commons-1.9.3.jar;C:\Users\Saptarshi Mukherjee\.m2\repository\org\apiguardian\apiguardian-api\1.1.2\apiguardian-api-1.1.2.jar;C:\Users\Saptarshi Mukherjee\.m2\repository\org\junit\jupiter\junit-jupiter-params\5.9.3\junit-jupiter-params-5.9.3.jar;C:\Users\Saptarshi Mukherjee\.m2\repository\org\junit\jupiter\junit-jupiter-engine\5.9.3\junit-jupiter-engine-5.9.3.jar;C:\Users\Saptarshi Mukherjee\.m2\repository\org\junit\platform\junit-platform-engine\1.9.3\junit-platform-engine-1.9.3.jar;C:\Users\Saptarshi Mukherjee\.m2\repository\org\mockito\mockito-core\5.3.1\mockito-core-5.3.1.jar;C:\Users\Saptarshi Mukherjee\.m2\repository\net\bytebuddy\byte-buddy-agent\1.14.4\byte-buddy-agent-1.14.4.jar;C:\Users\Saptarshi Mukherjee\.m2\repository\org\objenesis\objenesis\3.3\objenesis-3.3.jar;C:\Users\Saptarshi Mukherjee\.m2\repository\org\mockito\mockito-junit-jupiter\5.3.1\mockito-junit-jupiter-5.3.1.jar;C:\Users\Saptarshi Mukherjee\.m2\repository\org\skyscreamer\jsonassert\1.5.1\jsonassert-1.5.1.jar;C:\Users\Saptarshi Mukherjee\.m2\repository\com\vaadin\external\google\android-json\0.0.20131108.vaadin1\android-json-0.0.20131108.vaadin1.jar;C:\Users\Saptarshi Mukherjee\.m2\repository\org\springframework\spring-core\6.0.9\spring-core-6.0.9.jar;C:\Users\Saptarshi Mukherjee\.m2\repository\org\springframework\spring-jcl\6.0.9\spring-jcl-6.0.9.jar;C:\Users\Saptarshi Mukherjee\.m2\repository\org\springframework\spring-test\6.0.9\spring-test-6.0.9.jar;C:\Users\Saptarshi Mukherjee\.m2\repository\org\xmlunit\xmlunit-core\2.9.1\xmlunit-core-2.9.1.jar;"/>
    <property name="sun.cpu.endian" value="little"/>
    <property name="user.home" value="C:\Users\Saptarshi Mukherjee"/>
    <property name="user.language" value="en"/>
    <property name="java.specification.vendor" value="Oracle Corporation"/>
    <property name="java.version.date" value="2025-04-15"/>
    <property name="java.home" value="C:\jdk-24.0.1"/>
    <property name="file.separator" value="\"/>
    <property name="basedir" value="C:\Users\Saptarshi Mukherjee\OneDrive\Desktop\Assignment Round 2\Task 1"/>
    <property name="java.vm.compressedOopsMode" value="32-bit"/>
    <property name="line.separator" value="&#10;"/>
    <property name="java.vm.specification.vendor" value="Oracle Corporation"/>
    <property name="java.specification.name" value="Java Platform API Specification"/>
    <property name="surefire.real.class.path" value="C:\Users\Saptarshi Mukherjee\AppData\Local\Temp\surefire3575253856282234746\surefirebooter-20250428101521499_3.jar"/>
    <property name="user.script" value=""/>
    <property name="sun.management.compiler" value="HotSpot 64-Bit Tiered Compilers"/>
    <property name="java.runtime.version" value="24.0.1+9-30"/>
    <property name="user.name" value="Saptarshi Mukherjee"/>
    <property name="stdout.encoding" value="Cp1252"/>
    <property name="path.separator" value=";"/>
    <property name="os.version" value="10.0"/>
    <property name="java.runtime.name" value="Java(TM) SE Runtime Environment"/>
    <property name="file.encoding" value="UTF-8"/>
    <property name="java.vm.name" value="Java HotSpot(TM) 64-Bit Server VM"/>
    <property name="localRepository" value="C:\Users\Saptarshi Mukherjee\.m2\repository"/>
    <property name="java.vendor.url.bug" value="https://bugreport.java.com/bugreport/"/>
    <property name="java.io.tmpdir" value="C:\Users\SAPTAR~1\AppData\Local\Temp\"/>
    <property name="java.version" value="24.0.1"/>
    <property name="user.dir" value="C:\Users\Saptarshi Mukherjee\OneDrive\Desktop\Assignment Round 2\Task 1"/>
    <property name="os.arch" value="amd64"/>
    <property name="java.vm.specification.name" value="Java Virtual Machine Specification"/>
    <property name="sun.os.patch.level" value=""/>
    <property name="native.encoding" value="Cp1252"/>
    <property name="java.library.path" value="C:\jdk-24.0.1\bin;C:\WINDOWS\Sun\Java\bin;C:\WINDOWS\system32;C:\WINDOWS;C:\Program Files\Common Files\Oracle\Java\javapath;C:\Users\Saptarshi Mukherjee\AppData\Local\Programs\Python\Python39\Scripts;C:\Python312\Scripts\;C:\Python312\;C:\Users\Saptarshi Mukherjee\Scripts\;C:\Users\Saptarshi Mukherjee\;C:\oraclexe\app\oracle\product\11.2.0\server\bin;C:\WINDOWS\system32;C:\WINDOWS;C:\WINDOWS\System32\Wbem;C:\WINDOWS\System32\WindowsPowerShell\v1.0\;C:\WINDOWS\System32\OpenSSH\;C:\Program Files\Java\jdk-20\bin;C:\Users\Saptarshi Mukherjee\AppData\Local\Programs\Python;C:\Users\Saptarshi Mukherjee\AppData\Local\Programs\Python\Python39;C:\Users\Saptarshi Mukherjee\AppData\Local\Programs\Microsoft VS Code;C:\Users\Saptarshi Mukherjee\AppData\Local\Programs\Python\Python39\Scripts;C:\Users\Saptarshi Mukherjee\AppData\Roaming\Microsoft\Windows\Start Menu\Programs\Anaconda3 (64-bit);C:\Users\Saptarshi Mukherjee\3D Objects\Anaconda;C:\Users\Saptarshi Mukherjee\OneDrive\Desktop\Visual Studio Code.lnk;C:\Users\Saptarshi Mukherjee\OneDrive\Documents\hadoop-3.4.0\bin;C:\Users\Saptarshi Mukherjee\OneDrive\Documents\hadoop-3.4.0\sbin;C:\JAVA\j;C:\apache-maven-3.9\bin;D:\Microsoft VS Code\bin;%PYENV%\bin;%PYENV%\shims;C:\Program Files\Common Files\Oracle\Java\javapath;C:\Users\Saptarshi Mukherjee\AppData\Local\Programs\Python\Python39\Scripts;C:\Python312\Scripts\;C:\Python312\;C:\Users\Saptarshi Mukherjee\Scripts\;C:\Users\Saptarshi Mukherjee\;C:\oraclexe\app\oracle\product\11.2.0\server\bin;C:\WINDOWS\system32;C:\WINDOWS;C:\WINDOWS\System32\Wbem;C:\WINDOWS\System32\WindowsPowerShell\v1.0\;C:\WINDOWS\System32\OpenSSH\;C:\Program Files\Java\jdk-20\bin;C:\Users\Saptarshi Mukherjee\AppData\Local\Programs\Python;C:\Users\Saptarshi Mukherjee\AppData\Local\Programs\Python\Python39;C:\Users\Saptarshi Mukherjee\AppData\Local\Programs\Microsoft VS Code;C:\Users\Saptarshi Mukherjee\AppData\Local\Programs\Python\Python39\Scripts;C:\Users\Saptarshi Mukherjee\AppData\Roaming\Microsoft\Windows\Start Menu\Programs\Anaconda3 (64-bit);C:\Users\Saptarshi Mukherjee\3D Objects\Anaconda;C:\Users\Saptarshi Mukherjee\OneDrive\Desktop\Visual Studio Code.lnk;C:\Users\Saptarshi Mukherjee\OneDrive\Documents\hadoop-3.4.0\bin;C:\Users\Saptarshi Mukherjee\OneDrive\Documents\hadoop-3.4.0\sbin;C:\JAVA\j;C:\apache-maven-3.9\bin;D:\Microsoft VS Code\bin;C:\Users\Saptarshi Mukherjee\AppData\Local\Programs\cursor\resources\app\bin;C:\Users\Saptarshi Mukherjee\AppData\Local\Programs\Ollama;c:\Users\Saptarshi Mukherjee\AppData\Roaming\Code\User\globalStorage\github.copilot-chat\debugCommand;."/>
    <property name="java.vm.info" value="mixed mode, sharing"/>
    <property name="stderr.encoding" value="Cp1252"/>
    <property name="java.vendor" value="Oracle Corporation"/>
    <property name="java.vm.version" value="24.0.1+9-30"/>
    <property name="sun.io.unicode.encoding" value="UnicodeLittle"/>
    <property name="java.class.version" value="68.0"/>
  </properties>
  <testcase name="yardFullReturnsEmpty" classname="dev.dt.pickspot.PickerServiceTest" time="0.087"/>
</testsuite>